{"level":"info","message":"Loading Mongoose functionality"}
{"level":"info","message":"Starting Application"}
{"level":"info","message":"Mongoose connected to the database"}
{"level":"info","message":"Loading Mongoose functionality"}
{"level":"info","message":"Starting Application"}
{"level":"info","message":"Mongoose connected to the database"}
{"level":"info","message":"Get all user todos5de596c1470fd923d43b10e2"}
{"level":"info","message":"Get todo %s5de83128a87ef60b30de9894"}
{"level":"info","message":"Get all user todos5de596c1470fd923d43b10e2"}
{"level":"info","message":"Create Todo"}
{"level":"info","message":"Get all user todos5de596c1470fd923d43b10e2"}
{"level":"info","message":"Get todo %s5de8314ca87ef60b30de9895"}
{"level":"info","message":"Get all user todos5de596c1470fd923d43b10e2"}
{"level":"info","message":"Get todo %s5de8314ca87ef60b30de9895"}
{"level":"info","message":"Get all user todos5de596c1470fd923d43b10e2"}
{"level":"info","message":"Get todo %s5de8314ca87ef60b30de9895"}
{"level":"info","message":"Get all user todos5de596c1470fd923d43b10e2"}
{"level":"info","message":"Get todo %s5de8314ca87ef60b30de9895"}
{"level":"info","message":"Get all user todos5de596c1470fd923d43b10e2"}
{"level":"info","message":"Get todo %s5de8314ca87ef60b30de9895"}
{"level":"info","message":"Get all user todos5de596c1470fd923d43b10e2"}
{"level":"info","message":"Get todo %s5de8314ca87ef60b30de9895"}
{"level":"info","message":"Get all user todos5de596c1470fd923d43b10e2"}
{"level":"info","message":"Get todo %s5de8314ca87ef60b30de9895"}
{"level":"info","message":"Get all user todos5de596c1470fd923d43b10e2"}
{"level":"info","message":"Get todo %s5de8314ca87ef60b30de9895"}
{"level":"info","message":"Get all user todos5de596c1470fd923d43b10e2"}
{"level":"info","message":"Get todo %s5de8314ca87ef60b30de9895"}
{"level":"info","message":"Get all user todos5de596c1470fd923d43b10e2"}
{"level":"info","message":"Get todo %s5de8314ca87ef60b30de9895"}
{"level":"info","message":"Get all user todos5de596c1470fd923d43b10e2"}
{"level":"info","message":"Get todo %s5de8314ca87ef60b30de9895"}
{"level":"info","message":"Get all user todos5de596c1470fd923d43b10e2"}
{"level":"info","message":"Get todo %s5de8314ca87ef60b30de9895"}
{"level":"info","message":"Get all user todos5de596c1470fd923d43b10e2"}
{"level":"info","message":"Get all user todos5de596c1470fd923d43b10e2"}
{"level":"info","message":"Create Todo"}
{"level":"info","message":"Get all user todos5de596c1470fd923d43b10e2"}
{"level":"info","message":"Get all user todos5de596c1470fd923d43b10e2"}
{"level":"info","message":"Get all user todos5de596c1470fd923d43b10e2"}
{"level":"info","message":"Get all user todos5de596c1470fd923d43b10e2"}
{"level":"info","message":"Create Todo"}
{"level":"info","message":"Get all user todos5de596c1470fd923d43b10e2"}
{"level":"info","message":"Get todo %s5de85f94a98260347c7e8980"}
{"level":"info","message":"Get all user todos5de596c1470fd923d43b10e2"}
{"level":"info","message":"Get todo %s5de85f94a98260347c7e8980"}
{"level":"info","message":"Get all user todos5de596c1470fd923d43b10e2"}
{"level":"info","message":"Get todo %s5de85f94a98260347c7e8980"}
{"level":"info","message":"Get all user todos5de596c1470fd923d43b10e2"}
{"level":"info","message":"Get todo %s5de85f94a98260347c7e8980"}
{"level":"info","message":"Get todo %s5de85f94a98260347c7e8980"}
{"level":"info","message":"Get all user todos5de596c1470fd923d43b10e2"}
{"level":"info","message":"Get all user todos5de596c1470fd923d43b10e2"}
{"level":"info","message":"Get todo %s5de85f94a98260347c7e8980"}
{"level":"info","message":"Get todo %s5de85f94a98260347c7e8980"}
{"level":"info","message":"Get all user todos5de596c1470fd923d43b10e2"}
{"level":"info","message":"Get all user todos5de596c1470fd923d43b10e2"}
{"level":"info","message":"Loading Mongoose functionality"}
{"level":"info","message":"Starting Application"}
{"level":"info","message":"Mongoose connected to the database"}
{"level":"info","message":"Get all user todos5de596c1470fd923d43b10e2"}
{"level":"info","message":"Create Todo"}
{"level":"info","message":"Get all user todos5de596c1470fd923d43b10e2"}
{"level":"info","message":"Get todo %s5de86006c53ddf28185a8719"}
{"level":"info","message":"Get all user todos5de596c1470fd923d43b10e2"}
{"level":"info","message":"Get todo %s5de86006c53ddf28185a8719"}
{"level":"info","message":"Get todo %s5de86006c53ddf28185a8719"}
{"level":"info","message":"Get all user todos5de596c1470fd923d43b10e2"}
{"level":"info","message":"Get all user todos5de596c1470fd923d43b10e2"}
{"level":"info","message":"Get todo %s5de86006c53ddf28185a8719"}
{"level":"info","message":"Get all user todos5de596c1470fd923d43b10e2"}
{"level":"info","message":"Get all user todos5de596c1470fd923d43b10e2"}
{"level":"info","message":"Create Todo"}
{"level":"info","message":"Get all user todos5de596c1470fd923d43b10e2"}
{"level":"info","message":"Get todo %s5de86069c53ddf28185a871a"}
{"level":"info","message":"Get all user todos5de596c1470fd923d43b10e2"}
{"level":"info","message":"Get todo %s5de86069c53ddf28185a871a"}
{"level":"info","message":"Get todo %s5de86069c53ddf28185a871a"}
{"level":"info","message":"Get all user todos5de596c1470fd923d43b10e2"}
{"level":"info","message":"Get all user todos5de596c1470fd923d43b10e2"}
{"level":"info","message":"Get todo %s5de86069c53ddf28185a871a"}
{"level":"info","message":"Get todo %s5de86069c53ddf28185a871a"}
{"level":"info","message":"Get all user todos5de596c1470fd923d43b10e2"}
{"level":"info","message":"Get all user todos5de596c1470fd923d43b10e2"}
{"level":"info","message":"Get todo %s5de86069c53ddf28185a871a"}
{"level":"info","message":"Get todo %s5de86069c53ddf28185a871a"}
{"level":"info","message":"Get all user todos5de596c1470fd923d43b10e2"}
{"level":"info","message":"Get all user todos5de596c1470fd923d43b10e2"}
{"level":"info","message":"Get todo %s5de86069c53ddf28185a871a"}
{"level":"info","message":"Get all user todos5de596c1470fd923d43b10e2"}
{"level":"info","message":"Get all user todos5de596c1470fd923d43b10e2"}
{"level":"info","message":"Create Todo"}
{"level":"info","message":"Get all user todos5de596c1470fd923d43b10e2"}
{"level":"info","message":"Get todo %s5de86138c53ddf28185a871b"}
{"level":"info","message":"Get all user todos5de596c1470fd923d43b10e2"}
{"level":"info","message":"Get todo %s5de86138c53ddf28185a871b"}
{"level":"info","message":"Get all user todos5de596c1470fd923d43b10e2"}
{"level":"info","message":"Get todo %s5de86138c53ddf28185a871b"}
{"level":"info","message":"Get all user todos5de596c1470fd923d43b10e2"}
{"level":"info","message":"Get all user todos5de596c1470fd923d43b10e2"}
{"level":"info","message":"Create Todo"}
{"level":"info","message":"Get all user todos5de596c1470fd923d43b10e2"}
{"level":"info","message":"Get todo %s5de8619cc53ddf28185a871c"}
{"level":"info","message":"Get all user todos5de596c1470fd923d43b10e2"}
{"level":"info","message":"Get todo %s5de8619cc53ddf28185a871c"}
{"level":"info","message":"Get all user todos5de596c1470fd923d43b10e2"}
{"level":"info","message":"Get todo %s5de8619cc53ddf28185a871c"}
{"level":"info","message":"Get todo %s5de8619cc53ddf28185a871c"}
{"level":"info","message":"Get all user todos5de596c1470fd923d43b10e2"}
{"level":"info","message":"Get all user todos5de596c1470fd923d43b10e2"}
{"level":"info","message":"Get all user todos5de596c1470fd923d43b10e2"}
{"level":"info","message":"Create Todo"}
{"level":"info","message":"Get all user todos5de596c1470fd923d43b10e2"}
{"level":"info","message":"Get todo %sundefined"}
{"level":"info","message":"Get all user todos5de596c1470fd923d43b10e2"}
{"level":"info","message":"Get todo %sundefined"}
{"level":"info","message":"Get all user todos5de596c1470fd923d43b10e2"}
{"level":"info","message":"Get todo %sundefined"}
{"level":"info","message":"Get all user todos5de596c1470fd923d43b10e2"}
{"level":"info","message":"Get todo %sundefined"}
{"level":"info","message":"Get todo %sundefined"}
{"level":"info","message":"Get all user todos5de596c1470fd923d43b10e2"}
{"level":"info","message":"Get all user todos5de596c1470fd923d43b10e2"}
{"level":"info","message":"Get todo %sundefined"}
{"level":"info","message":"Get all user todos5de596c1470fd923d43b10e2"}
{"level":"info","message":"Create Todo"}
{"level":"info","message":"Get all user todos5de596c1470fd923d43b10e2"}
{"level":"info","message":"Get todo %sundefined"}
{"level":"info","message":"Get all user todos5de596c1470fd923d43b10e2"}
{"level":"info","message":"Get all user todos5de596c1470fd923d43b10e2"}
{"level":"info","message":"Get todo %s5de861d9c53ddf28185a871d"}
{"level":"info","message":"Get all user todos5de596c1470fd923d43b10e2"}
{"level":"info","message":"Create Todo"}
{"level":"info","message":"Get all user todos5de596c1470fd923d43b10e2"}
{"level":"info","message":"Get todo %s5de86217c53ddf28185a871f"}
{"level":"info","message":"Get all user todos5de596c1470fd923d43b10e2"}
{"level":"info","message":"Create Todo"}
{"level":"info","message":"Get all user todos5de596c1470fd923d43b10e2"}
{"level":"info","message":"Create Todo"}
{"level":"info","message":"Get all user todos5de596c1470fd923d43b10e2"}
{"level":"info","message":"Get todo %s5de86224c53ddf28185a8721"}
{"level":"info","message":"Get all user todos5de596c1470fd923d43b10e2"}
{"level":"info","message":"Get all user todos5de596c1470fd923d43b10e2"}
{"level":"info","message":"Create user"}
{"level":"info","message":"Create user"}
{"level":"info","message":"Create user"}
{"level":"info","message":"Get all user todos5de596c1470fd923d43b10e2"}
{"level":"info","message":"Create Todo"}
{"level":"info","message":"Get all user todos5de596c1470fd923d43b10e2"}
{"level":"info","message":"Get todo %s5de8643fc53ddf28185a8725"}
{"level":"info","message":"Get all user todos5de596c1470fd923d43b10e2"}
