{"level":"info","message":"Loading Mongoose functionality"}
{"level":"info","message":"Starting Application"}
{"level":"info","message":"Loading Mongoose functionality"}
{"level":"info","message":"Starting Application"}
{"level":"info","message":"Loading Mongoose functionality"}
{"level":"info","message":"Starting Application"}
{"level":"info","message":"Loading Mongoose functionality"}
{"level":"info","message":"Starting Application"}
{"level":"info","message":"Mongoose connected to the database"}
{"level":"info","message":"Create user"}
{"level":"info","message":"Create user"}
{"level":"info","message":"Create user"}
{"level":"info","message":"Create user"}
{"level":"info","message":"Create user"}
{"level":"info","message":"Create user"}
{"level":"info","message":"Create user"}
{"level":"info","message":"Create user"}
{"level":"info","message":"Create user"}
{"level":"info","message":"Create user"}
{"level":"info","message":"Create user"}
{"level":"info","message":"Create user"}
{"level":"info","message":"Get all user todos5df0666a5ee64e1b28cb0015"}
{"level":"info","message":"Create Todo"}
{"level":"info","message":"Get all user todos5df0666a5ee64e1b28cb0015"}
{"level":"info","message":"Create Todo"}
{"level":"info","message":"Get all user todos5df0666a5ee64e1b28cb0015"}
{"level":"info","message":"Create Todo"}
{"level":"info","message":"Get all user todos5df0666a5ee64e1b28cb0015"}
{"level":"info","message":"Get todo %s5df0669e5ee64e1b28cb0022"}
{"level":"info","message":"Get all user todos5df0666a5ee64e1b28cb0015"}
{"level":"info","message":"Get todo %s5df066945ee64e1b28cb0021"}
{"level":"info","message":"Get all user todos5df0666a5ee64e1b28cb0015"}
{"level":"info","message":"Create Todo"}
{"level":"info","message":"Get all user todos5df0666a5ee64e1b28cb0015"}
{"level":"info","message":"Get todo %s5df066a95ee64e1b28cb0023"}
{"level":"info","message":"Get all user todos5df0666a5ee64e1b28cb0015"}
{"level":"info","message":"Get todo %s5df066bf5ee64e1b28cb0024"}
{"level":"info","message":"Get all user todos5df0666a5ee64e1b28cb0015"}
{"level":"info","message":"Get todo %s5df066bf5ee64e1b28cb0024"}
{"level":"info","message":"Get all user todos5df0666a5ee64e1b28cb0015"}
{"level":"info","message":"Get todo %s5df066bf5ee64e1b28cb0024"}
{"level":"info","message":"Get all user todos5df0666a5ee64e1b28cb0015"}
