{"level":"info","message":"Loading Mongoose functionality"}
{"level":"info","message":"Starting Application"}
{"level":"info","message":"Mongoose connected to the database"}
{"level":"info","message":"Get all user todos5de596c1470fd923d43b10e2"}
{"level":"info","message":"Create Todo"}
{"level":"info","message":"Get all user todos5de596c1470fd923d43b10e2"}
{"level":"info","message":"Create Todo"}
{"level":"info","message":"Get all user todos5de596c1470fd923d43b10e2"}
{"level":"info","message":"Create Todo"}
{"level":"info","message":"Get all user todos5de596c1470fd923d43b10e2"}
{"level":"info","message":"Get todo %s5deef26591025836b403f9a8"}
{"level":"info","message":"Get all user todos5de596c1470fd923d43b10e2"}
{"level":"info","message":"Get todo %s5deef25b91025836b403f9a7"}
{"level":"info","message":"Get all user todos5de596c1470fd923d43b10e2"}
{"level":"info","message":"Get todo %s5deef25591025836b403f9a6"}
{"level":"info","message":"Get all user todos5de596c1470fd923d43b10e2"}
{"level":"info","message":"Get all user todos5de596c1470fd923d43b10e2"}
{"level":"info","message":"Loading Mongoose functionality"}
{"level":"info","message":"Starting Application"}
{"level":"info","message":"Mongoose connected to the database"}
{"level":"info","message":"Get all user todos5de596c1470fd923d43b10e2"}
{"level":"info","message":"Create Todo"}
{"level":"info","message":"Get all user todos5de596c1470fd923d43b10e2"}
{"level":"info","message":"Get todo %s5deef4d10447b221bcca422e"}
{"level":"info","message":"Get all user todos5de596c1470fd923d43b10e2"}
{"level":"info","message":"Get todo %s5deef4d10447b221bcca422e"}
{"level":"info","message":"Get all user todos5de596c1470fd923d43b10e2"}
{"level":"info","message":"Get all user todos5de596c1470fd923d43b10e2"}
