{"level":"info","message":"Loading Mongoose functionality"}
{"level":"info","message":"Starting Application"}
{"level":"info","message":"Mongoose connected to the database"}
{"level":"info","message":"Get all user todos5de596c1470fd923d43b10e2"}
{"level":"info","message":"Create Todo"}
{"level":"info","message":"Get all user todos5de596c1470fd923d43b10e2"}
{"level":"info","message":"Get todo %s5de9b77dc49e0110a0328e28"}
{"level":"info","message":"Get all user todos5de596c1470fd923d43b10e2"}
{"level":"info","message":"Get todo %s5de9a98e6921fa21cc0929b5"}
{"level":"info","message":"Get all user todos5de596c1470fd923d43b10e2"}
{"level":"info","message":"Get todo %s5de9a98e6921fa21cc0929b5"}
{"level":"info","message":"Get all user todos5de596c1470fd923d43b10e2"}
{"level":"info","message":"Loading Mongoose functionality"}
{"level":"info","message":"Starting Application"}
{"level":"info","message":"Mongoose connected to the database"}
{"level":"info","message":"Get all user todos5de596c1470fd923d43b10e2"}
{"level":"info","message":"Get all user todos5de596c1470fd923d43b10e2"}
{"level":"info","message":"Create Todo"}
{"level":"info","message":"Get all user todos5de596c1470fd923d43b10e2"}
{"level":"info","message":"Get all user todos5de596c1470fd923d43b10e2"}
{"level":"info","message":"Get all user todos5de596c1470fd923d43b10e2"}
{"level":"info","message":"Get all user todos5de596c1470fd923d43b10e2"}
{"level":"info","message":"Create Todo"}
{"level":"info","message":"Get all user todos5de596c1470fd923d43b10e2"}
{"level":"info","message":"Get todo %s5de9bb68e1b9ea39c816c854"}
{"level":"info","message":"Get all user todos5de596c1470fd923d43b10e2"}
{"level":"info","message":"Get todo %s5de9bb68e1b9ea39c816c854"}
{"level":"info","message":"Get all user todos5de596c1470fd923d43b10e2"}
