{"level":"info","message":"Loading Mongoose functionality"}
{"level":"info","message":"Starting Application"}
{"level":"info","message":"Mongoose connected to the database"}
{"level":"info","message":"Get all user todos5de596c1470fd923d43b10e2"}
{"level":"info","message":"Create Todo"}
{"level":"info","message":"Get all user todos5de596c1470fd923d43b10e2"}
{"level":"info","message":"Get todo %s5debf32b35b6fb18c887de61"}
{"level":"info","message":"Get all user todos5de596c1470fd923d43b10e2"}
{"level":"info","message":"Get todo %s5de9bb24e1b9ea39c816c853"}
{"level":"info","message":"Get all user todos5de596c1470fd923d43b10e2"}
{"level":"info","message":"Create Todo"}
{"level":"info","message":"Get all user todos5de596c1470fd923d43b10e2"}
{"level":"info","message":"Get todo %s5debf33235b6fb18c887de62"}
{"level":"info","message":"Get all user todos5de596c1470fd923d43b10e2"}
{"level":"info","message":"Get todo %s5de861f0c53ddf28185a871e"}
{"level":"info","message":"Get all user todos5de596c1470fd923d43b10e2"}
{"level":"info","message":"Get todo %s5de861f0c53ddf28185a871e"}
{"level":"info","message":"Get all user todos5de596c1470fd923d43b10e2"}
{"level":"info","message":"Get todo %s5de861f0c53ddf28185a871e"}
{"level":"info","message":"Get all user todos5de596c1470fd923d43b10e2"}
{"level":"info","message":"Get todo %s5de861f0c53ddf28185a871e"}
{"level":"info","message":"Get all user todos5de596c1470fd923d43b10e2"}
{"level":"info","message":"Get todo %s5de861f0c53ddf28185a871e"}
{"level":"info","message":"Get all user todos5de596c1470fd923d43b10e2"}
{"level":"info","message":"Get todo %s5de861f0c53ddf28185a871e"}
{"level":"info","message":"Get all user todos5de596c1470fd923d43b10e2"}
{"level":"info","message":"Get todo %s5de861f0c53ddf28185a871e"}
{"level":"info","message":"Get all user todos5de596c1470fd923d43b10e2"}
{"level":"info","message":"Get todo %s5de861f0c53ddf28185a871e"}
{"level":"info","message":"Get all user todos5de596c1470fd923d43b10e2"}
{"level":"info","message":"Get todo %s5de861f0c53ddf28185a871e"}
{"level":"info","message":"Get all user todos5de596c1470fd923d43b10e2"}
{"level":"info","message":"Create Todo"}
{"level":"info","message":"Get all user todos5de596c1470fd923d43b10e2"}
{"level":"info","message":"Create Todo"}
{"level":"info","message":"Get all user todos5de596c1470fd923d43b10e2"}
{"level":"info","message":"Get todo %s5debf34335b6fb18c887de63"}
{"level":"info","message":"Get all user todos5de596c1470fd923d43b10e2"}
{"level":"info","message":"Get todo %s5debf34735b6fb18c887de64"}
{"level":"info","message":"Get all user todos5de596c1470fd923d43b10e2"}
{"level":"info","message":"Get todo %s5debf34735b6fb18c887de64"}
{"level":"info","message":"Get all user todos5de596c1470fd923d43b10e2"}
{"level":"info","message":"Get todo %s5debf34735b6fb18c887de64"}
{"level":"info","message":"Get all user todos5de596c1470fd923d43b10e2"}
{"level":"info","message":"Get todo %s5debf34735b6fb18c887de64"}
{"level":"info","message":"Get all user todos5de596c1470fd923d43b10e2"}
{"level":"info","message":"Get todo %s5debf34735b6fb18c887de64"}
{"level":"info","message":"Get all user todos5de596c1470fd923d43b10e2"}
{"level":"info","message":"Get todo %s5debf34735b6fb18c887de64"}
{"level":"info","message":"Get all user todos5de596c1470fd923d43b10e2"}
{"level":"info","message":"Get todo %s5debf34735b6fb18c887de64"}
{"level":"info","message":"Get all user todos5de596c1470fd923d43b10e2"}
{"level":"info","message":"Get todo %s5debf34735b6fb18c887de64"}
{"level":"info","message":"Get all user todos5de596c1470fd923d43b10e2"}
{"level":"info","message":"Get todo %s5debf34735b6fb18c887de64"}
{"level":"info","message":"Get all user todos5de596c1470fd923d43b10e2"}
{"level":"info","message":"Get todo %s5debf34735b6fb18c887de64"}
{"level":"info","message":"Get all user todos5de596c1470fd923d43b10e2"}
{"level":"info","message":"Get todo %s5debf34735b6fb18c887de64"}
{"level":"info","message":"Get all user todos5de596c1470fd923d43b10e2"}
{"level":"info","message":"Get all user todos5de596c1470fd923d43b10e2"}
{"level":"info","message":"Create Todo"}
{"level":"info","message":"Get all user todos5de596c1470fd923d43b10e2"}
{"level":"info","message":"Get todo %s5debf36935b6fb18c887de65"}
{"level":"info","message":"Get all user todos5de596c1470fd923d43b10e2"}
{"level":"info","message":"Get todo %s5debf36935b6fb18c887de65"}
{"level":"info","message":"Get all user todos5de596c1470fd923d43b10e2"}
{"level":"info","message":"Get todo %s5debf36935b6fb18c887de65"}
{"level":"info","message":"Get all user todos5de596c1470fd923d43b10e2"}
{"level":"info","message":"Get todo %s5debf36935b6fb18c887de65"}
{"level":"info","message":"Get all user todos5de596c1470fd923d43b10e2"}
{"level":"info","message":"Get todo %s5debf36935b6fb18c887de65"}
{"level":"info","message":"Get all user todos5de596c1470fd923d43b10e2"}
{"level":"info","message":"Get all user todos5de596c1470fd923d43b10e2"}
{"level":"info","message":"Create user"}
{"level":"info","message":"Get all user todos5debf39235b6fb18c887de66"}
{"level":"info","message":"Get all user todos5de596c1470fd923d43b10e2"}
{"level":"info","message":"Get all user todos5de596c1470fd923d43b10e2"}
{"level":"info","message":"Create user"}
{"level":"info","message":"Get all user todos5de596c1470fd923d43b10e2"}
{"level":"info","message":"Create Todo"}
{"level":"info","message":"Get all user todos5de596c1470fd923d43b10e2"}
{"level":"info","message":"Get todo %s5debf62d35b6fb18c887de68"}
{"level":"info","message":"Get all user todos5de596c1470fd923d43b10e2"}
{"level":"info","message":"Get all user todos5de596c1470fd923d43b10e2"}
