{"level":"info","message":"Loading Mongoose functionality"}
{"level":"info","message":"Starting Application"}
{"level":"info","message":"Mongoose connected to the database"}
{"level":"info","message":"Get all gadgets"}
{"level":"info","message":"Create Gadget"}
{"level":"info","message":"Get all gadgets"}
{"level":"info","message":"Loading Mongoose functionality"}
{"level":"info","message":"Starting Application"}
{"level":"info","message":"Mongoose connected to the database"}
{"level":"info","message":"Get all gadgets"}
{"level":"info","message":"Create Gadget"}
{"level":"info","message":"Get gadget %s"}
{"level":"info","message":"Get gadget %s"}
{"level":"info","message":"Get gadget %s"}
{"level":"info","message":"Get gadget %s"}
{"level":"info","message":"Create Gadget"}
{"level":"info","message":"Get gadget %s"}
{"level":"info","message":"Create Gadget"}
{"level":"info","message":"Get gadget %s"}
{"level":"info","message":"Loading Mongoose functionality"}
{"level":"info","message":"Starting Application"}
{"level":"info","message":"Mongoose connected to the database"}
{"level":"info","message":"Loading Mongoose functionality"}
{"level":"info","message":"Starting Application"}
{"level":"info","message":"Mongoose connected to the database"}
{"level":"info","message":"Loading Mongoose functionality"}
{"level":"info","message":"Starting Application"}
{"level":"info","message":"Mongoose connected to the database"}
{"level":"info","message":"Get gadget %s"}
{"level":"info","message":"Create Gadget"}
{"level":"info","message":"Get all gadgets"}
{"level":"info","message":"Get gadget %s"}
{"level":"info","message":"Get gadget %s"}
